[2025-04-26 09:39:13,345] 1025 httpx - INFO - HTTP Request: GET https://dagshub.com/api/v1/user "HTTP/1.1 200 OK"
[2025-04-26 09:39:13,348] 107 dagshub - INFO - Accessing as AdityaBansal0123
[2025-04-26 09:39:16,138] 1025 httpx - INFO - HTTP Request: GET https://dagshub.com/api/v1/repos/AdityaBansal0123/networksecurity "HTTP/1.1 200 OK"
[2025-04-26 09:39:19,206] 1025 httpx - INFO - HTTP Request: GET https://dagshub.com/api/v1/user "HTTP/1.1 200 OK"
[2025-04-26 09:39:19,208] 107 dagshub - INFO - Initialized MLflow to track repo "AdityaBansal0123/networksecurity"
[2025-04-26 09:39:19,210] 107 dagshub - INFO - Repository AdityaBansal0123/networksecurity initialized!
[2025-04-26 09:39:46,691] 32 root - INFO - Start data Ingstion
[2025-04-26 09:41:36,887] 64 root - INFO - Performed train test split on the dataframe
[2025-04-26 09:41:36,887] 66 root - INFO - Exited split_data_as_train_test method of Data_Ingestion class
[2025-04-26 09:41:36,888] 76 root - INFO - Exporting train and test file path.
[2025-04-26 09:41:37,041] 84 root - INFO - Exported train and test file path.
[2025-04-26 09:41:37,042] 35 root - INFO - Data Ingestion Completed and artifact
[2025-04-26 09:41:37,042] 44 root - INFO - data validation started
[2025-04-26 09:41:37,140] 32 root - INFO - Required number of columns:2
[2025-04-26 09:41:37,140] 33 root - INFO - Data frame has columns:31
[2025-04-26 09:41:37,140] 32 root - INFO - Required number of columns:2
[2025-04-26 09:41:37,140] 33 root - INFO - Data frame has columns:31
[2025-04-26 09:41:37,450] 47 root - INFO - Data validation Done and artifact
[2025-04-26 09:41:37,450] 56 root - INFO - Data Transformation Started
[2025-04-26 09:41:37,451] 63 root - INFO - Entered initiate_data_transformation method of DataTransformation class
[2025-04-26 09:41:37,451] 65 root - INFO - Starting data transformation
[2025-04-26 09:41:37,507] 48 root - INFO - Entered get_data_trnasformer_object method of Trnasformation class
[2025-04-26 09:41:37,507] 53 root - INFO - Initialise KNNImputer with {'missing_values': nan, 'n_neighbors': 3, 'weights': 'uniform'}
[2025-04-26 09:41:37,531] 41 root - INFO - Entered the save object method of main-utils class
[2025-04-26 09:41:37,537] 41 root - INFO - Entered the save object method of main-utils class
[2025-04-26 09:41:37,544] 59 root - INFO - data transformation completed with artifact
[2025-04-26 09:41:37,544] 68 root - INFO - Model Trainer Start
[2025-04-26 09:42:44,107] 41 root - INFO - Entered the save object method of main-utils class
[2025-04-26 09:42:44,107] 41 root - INFO - Entered the save object method of main-utils class
[2025-04-26 09:42:44,107] 126 root - INFO - Model trainer artifact: ModelTrainerArtifact(trained_model_file_path='model_trainer\\Artifacts\\04_26_2025_09_39_08\\trained_model\\model.pkl', train_metric_artifact=ClassificationMetricArtifact(f1_score=0.9910974712760291, precision_score=0.989115577380651, recall_score=0.9930873233709464), test_metric_artifact=ClassificationMetricArtifact(f1_score=0.9894035725098396, precision_score=0.9893037336024217, recall_score=0.9895034315704482))
[2025-04-26 09:42:44,112] 71 root - INFO - model Trainig Completed
[2025-04-26 09:42:44,695] 82 root - INFO - Syncing artifact dir to s3 bucket bluelight-bucket-0422-ai9x7 completed
[2025-04-26 09:42:45,207] 91 root - INFO - Syncing final model to s3 bucket bluelight-bucket-0422-ai9x7 completed
[2025-04-26 09:42:45,207] 103 root - INFO - Training pipeline completed
[2025-04-26 09:44:30,552] 32 root - INFO - Start data Ingstion
[2025-04-26 09:45:39,460] 32 root - INFO - Start data Ingstion
[2025-04-26 09:46:05,025] 64 root - INFO - Performed train test split on the dataframe
[2025-04-26 09:46:05,025] 66 root - INFO - Exited split_data_as_train_test method of Data_Ingestion class
[2025-04-26 09:46:05,026] 76 root - INFO - Exporting train and test file path.
[2025-04-26 09:46:05,192] 84 root - INFO - Exported train and test file path.
[2025-04-26 09:46:05,193] 35 root - INFO - Data Ingestion Completed and artifact
[2025-04-26 09:46:05,193] 44 root - INFO - data validation started
[2025-04-26 09:46:05,299] 32 root - INFO - Required number of columns:2
[2025-04-26 09:46:05,299] 33 root - INFO - Data frame has columns:31
[2025-04-26 09:46:05,299] 32 root - INFO - Required number of columns:2
[2025-04-26 09:46:05,299] 33 root - INFO - Data frame has columns:31
[2025-04-26 09:46:05,646] 47 root - INFO - Data validation Done and artifact
[2025-04-26 09:46:05,646] 56 root - INFO - Data Transformation Started
[2025-04-26 09:46:05,646] 63 root - INFO - Entered initiate_data_transformation method of DataTransformation class
[2025-04-26 09:46:05,646] 65 root - INFO - Starting data transformation
[2025-04-26 09:46:05,733] 48 root - INFO - Entered get_data_trnasformer_object method of Trnasformation class
[2025-04-26 09:46:05,733] 53 root - INFO - Initialise KNNImputer with {'missing_values': nan, 'n_neighbors': 3, 'weights': 'uniform'}
[2025-04-26 09:46:05,758] 41 root - INFO - Entered the save object method of main-utils class
[2025-04-26 09:46:05,764] 41 root - INFO - Entered the save object method of main-utils class
[2025-04-26 09:46:05,775] 59 root - INFO - data transformation completed with artifact
[2025-04-26 09:46:05,776] 68 root - INFO - Model Trainer Start
[2025-04-26 09:47:10,642] 41 root - INFO - Entered the save object method of main-utils class
[2025-04-26 09:47:10,642] 41 root - INFO - Entered the save object method of main-utils class
[2025-04-26 09:47:10,643] 126 root - INFO - Model trainer artifact: ModelTrainerArtifact(trained_model_file_path='model_trainer\\Artifacts\\04_26_2025_09_39_08\\trained_model\\model.pkl', train_metric_artifact=ClassificationMetricArtifact(f1_score=0.9913263370843343, precision_score=0.9898495101504898, recall_score=0.9928075773691941), test_metric_artifact=ClassificationMetricArtifact(f1_score=0.9884587886834848, precision_score=0.9863432531593966, recall_score=0.9905834186284544))
[2025-04-26 09:47:10,647] 71 root - INFO - model Trainig Completed
[2025-04-26 09:47:11,281] 82 root - INFO - Syncing artifact dir to s3 bucket bluelight-bucket-0422-ai9x7 completed
[2025-04-26 09:47:11,805] 91 root - INFO - Syncing final model to s3 bucket bluelight-bucket-0422-ai9x7 completed
[2025-04-26 09:47:11,806] 103 root - INFO - Training pipeline completed
